app/build/intermediates/manifest_merge_blame_file/debug/manifest-merger-blame-debug-report.txt
1<?xml version="1.0" encoding="utf-8"?>
2<manifest xmlns:android="http://schemas.android.com/apk/res/android"
3    package="com.example.bakingapp"
4    android:versionCode="1"
5    android:versionName="1.0" >
6
7    <uses-sdk
8        android:minSdkVersion="15"
8-->src\main\AndroidManifest.xml
9        android:targetSdkVersion="29" />
9-->src\main\AndroidManifest.xml
10
11    <uses-permission android:name="android.permission.INTERNET" />
11-->src\main\AndroidManifest.xml:5:5-67
11-->src\main\AndroidManifest.xml:5:22-64
12
13    <application
13-->src\main\AndroidManifest.xml:7:5-29:19
14        android:allowBackup="true"
14-->src\main\AndroidManifest.xml:8:9-35
15        android:appComponentFactory="androidx.core.app.CoreComponentFactory"
15-->[androidx.core:core:1.1.0] AndroidManifest.xml:24:18-86
16        android:debuggable="true"
17        android:icon="@mipmap/ic_launcher"
17-->src\main\AndroidManifest.xml:9:9-43
18        android:label="@string/app_name"
18-->src\main\AndroidManifest.xml:10:9-41
19        android:roundIcon="@mipmap/ic_launcher_round"
19-->src\main\AndroidManifest.xml:11:9-54
20        android:supportsRtl="true"
20-->src\main\AndroidManifest.xml:12:9-35
21        android:theme="@style/AppTheme" >
21-->src\main\AndroidManifest.xml:13:9-40
22        <activity
22-->src\main\AndroidManifest.xml:14:9-20:20
23            android:name="com.example.bakingapp.RecipeDetailActivity"
23-->src\main\AndroidManifest.xml:14:19-55
24            android:label="Step"
24-->src\main\AndroidManifest.xml:15:13-33
25            android:parentActivityName="com.example.bakingapp.MainActivity" >
25-->src\main\AndroidManifest.xml:16:13-55
26            <meta-data
26-->src\main\AndroidManifest.xml:17:13-19:49
27                android:name="android.support.PARENT_ACTIVITY"
27-->src\main\AndroidManifest.xml:18:17-63
28                android:value=".MainActivity" />
28-->src\main\AndroidManifest.xml:19:17-46
29        </activity>
30        <activity
30-->src\main\AndroidManifest.xml:21:9-28:20
31            android:name="com.example.bakingapp.MainActivity"
31-->src\main\AndroidManifest.xml:21:19-47
32            android:launchMode="singleInstance" >
32-->src\main\AndroidManifest.xml:22:13-48
33            <intent-filter>
33-->src\main\AndroidManifest.xml:23:13-27:29
34                <action android:name="android.intent.action.MAIN" />
34-->src\main\AndroidManifest.xml:24:17-69
34-->src\main\AndroidManifest.xml:24:25-66
35
36                <category android:name="android.intent.category.LAUNCHER" />
36-->src\main\AndroidManifest.xml:26:17-77
36-->src\main\AndroidManifest.xml:26:27-74
37            </intent-filter>
38        </activity>
39    </application>
40
41</manifest>